app/seeds.txt
cn.ikaze.healthgo.step.StepService: StepService()
cn.ikaze.healthgo.step.StepThread: void subscribeActivity(java.lang.Boolean)
cn.ikaze.healthgo.MainActivity: MainActivity()
cn.ikaze.healthgo.step.StepThread
cn.ikaze.healthgo.MainActivity
cn.ikaze.healthgo.step.StepService
cn.ikaze.healthgo.MyApplication
cn.ikaze.healthgo.MainActivity: void updateSteps(java.lang.Long)
cn.ikaze.healthgo.BootBroadcastReceiver
cn.ikaze.healthgo.MainActivity: void mybt(android.view.View)
cn.ikaze.healthgo.MyApplication: MyApplication()
cn.ikaze.healthgo.BootBroadcastReceiver: BootBroadcastReceiver()
...
android.support.v4.widget.SwipeRefreshLayout: void setProgressBackgroundColorSchemeColor(int)
android.support.v7.widget.ActionBarContextView: ActionBarContextView(android.content.Context,android.util.AttributeSet)
android.support.design.R$attr: int layoutManager
android.support.design.R$drawable: int abc_seekbar_tick_mark_material
io.realm.RealmFieldType: int nativeValue
android.support.v7.view.menu.ListMenuItemView: android.support.v7.view.menu.MenuItemImpl getItemData()
android.support.v7.widget.LinearLayoutCompat: int getShowDividers()
android.support.design.widget.NavigationView: android.content.res.ColorStateList getItemIconTintList()
android.support.v4.view.ViewPager
android.support.design.R$styleable: int SearchView_voiceIcon
android.support.v7.appcompat.R$style: int TextAppearance_Compat_Notification_Line2_Media
android.support.v7.widget.Toolbar$LayoutParams: Toolbar$LayoutParams(android.content.Context,android.util.AttributeSet)
android.support.v7.appcompat.R$styleable: int AppCompatTheme_android_windowIsFloating
android.support.design.R$drawable: int abc_list_selector_holo_light
android.support.v7.appcompat.R$styleable: int ActionBar_height
android.support.design.R$style: int Base_ThemeOverlay_AppCompat_ActionBar
android.support.design.R$styleable: int AppCompatTheme_actionBarDivider
android.support.v7.appcompat.R$bool: int abc_config_closeDialogWhenTouchOutside
android.support.v7.appcompat.R$styleable: int FontFamily_fontProviderCerts
android.support.v7.appcompat.R$style: int Widget_AppCompat_Light_ListView_DropDown
android.support.v7.appcompat.R$attr: int logoDescription
lecho.lib.hellocharts.view.PreviewColumnChartView: PreviewColumnChartView(android.content.Context,android.util.AttributeSet)
lecho.lib.hellocharts.view.AbstractChartView: void setViewportAnimationListener(lecho.lib.hellocharts.animation.ChartAnimationListener)
android.support.design.R$styleable: int ActionMode_titleTextStyle
android.support.design.R$id: int spacer
android.support.v7.appcompat.R$styleable: int AppCompatTextHelper_android_drawableTop
android.support.design.R$attr: int paddingEnd
android.support.design.widget.CollapsingToolbarLayout: int getExpandedTitleMarginEnd()
android.support.v7.appcompat.R$styleable: int AppCompatTheme_panelBackground
android.support.v7.recyclerview.R$styleable: int FontFamily_fontProviderQuery
android.support.design.R$drawable: int abc_tab_indicator_mtrl_alpha
android.support.design.R$attr: int paddingBottomNoButtons
android.support.design.R$drawable: int abc_btn_radio_to_on_mtrl_015
android.support.design.R$color: int abc_search_url_text
android.support.design.R$color: int abc_primary_text_disable_only_material_dark
android.support.design.R$color: int dim_foreground_material_dark
android.support.design.R$styleable: int AppCompatTheme_windowMinWidthMajor
android.support.design.R$dimen: int design_snackbar_text_size
android.support.transition.Slide: Slide(android.content.Context,android.util.AttributeSet)
android.support.design.widget.BaseTransientBottomBar$SnackbarBaseLayout: void setOnAttachStateChangeListener(android.support.design.widget.BaseTransientBottomBar$OnAttachStateChangeListener)
android.support.design.R$styleable: int AppCompatTextView_fontFamily
android.support.v7.widget.RecyclerView: void setScrollingTouchSlop(int)
android.support.v7.appcompat.R$attr: int actionModeStyle
android.support.v7.appcompat.R$id: int line3
android.support.v7.appcompat.R$style: int Theme_AppCompat_Light_NoActionBar
android.support.v7.appcompat.R$layout: int abc_activity_chooser_view_list_item
android.support.design.R$style: int Widget_AppCompat_ListView
android.support.v7.appcompat.R$attr: int actionModeFindDrawable
android.support.v7.appcompat.R$styleable: int[] CompoundButton
android.support.design.R$attr: int showAsAction
android.support.v7.widget.StaggeredGridLayoutManager$LazySpanLookup$FullSpanItem
android.support.v7.appcompat.R$string: int abc_searchview_description_voice