app/mapping.txt
# compiler: R8
# compiler_version: 2.1.75
# min_api: 16
# pg_map_id: ad7f44d
# common_typos_disable
cn.ikaze.healthgo.DateTimeHelper -> cn.ikaze.healthgo.a:
    java.util.Date add(java.util.Date,int) -> a
    java.lang.String[] get6days(boolean) -> b
    java.util.Date[] get6days() -> c
    java.util.Date getToday() -> d
cn.ikaze.healthgo.MainActivity -> cn.ikaze.healthgo.MainActivity:
    android.widget.TextView showSteps -> p
    android.content.SharedPreferences sharedPreferences -> s
    boolean isServiceRun -> v
    boolean isforeground_model -> w
    android.widget.TextView about -> y
    android.widget.TextView btn -> x
    android.widget.Switch foreground_model -> r
    java.util.List mAxisXValues -> B
    java.util.List mPointValues -> A
    android.widget.Switch on_off -> q
    long numSteps -> u
    lecho.lib.hellocharts.view.LineChartView lineChart -> z
    org.greenrobot.eventbus.EventBus bus -> t
    void detectService() -> A
    void drawChart() -> B
    android.content.pm.PackageInfo getPackageInfo(android.content.Context) -> C
    java.lang.String getVersionName(android.content.Context) -> D
    void initLineChart() -> E
    void notifyIsUpToStandard(java.lang.String) -> F
    void showAbout() -> G
    void showPopupWindow(android.view.View) -> H
    void updateShowSteps() -> I
cn.ikaze.healthgo.MainActivity$1 -> cn.ikaze.healthgo.MainActivity$a:
    cn.ikaze.healthgo.MainActivity this$0 -> a
cn.ikaze.healthgo.MyApplication -> cn.ikaze.healthgo.MyApplication:
    boolean serviceRun -> a
    boolean isShowToast -> b
    boolean getServiceRun() -> a
    boolean isShowToast() -> b
    void setServiceRun(boolean) -> c
    void setShowToast(boolean) -> d
cn.ikaze.healthgo.model.StepModel -> cn.ikaze.healthgo.b.a:
    long numSteps -> a
    long getNumSteps() -> d
    long realmGet$numSteps() -> e
    void realmSet$date(java.util.Date) -> f
    void realmSet$numSteps(long) -> g
    void setDate(java.util.Date) -> h
    void setNumSteps(long) -> i
cn.ikaze.healthgo.model.StepTransaction -> cn.ikaze.healthgo.b.b:
    java.util.Date date -> a
    long num -> b
    void execute(io.realm.Realm) -> a
cn.ikaze.healthgo.model.SuccessTransaction -> cn.ikaze.healthgo.b.c:
    io.realm.RealmAsyncTask asyncTransaction -> a
    void onSuccess() -> a
cn.ikaze.healthgo.step.StepDetector -> cn.ikaze.healthgo.step.a:
    int nowStatus -> o
    int initCount -> l
    float lastVel -> i
    long tempSteps -> k
    int model -> j
    long lastStepTime -> h
    float VEL_THRESHOLD -> d
    float[] four_vels -> e
    int pos -> f
    float init_vel -> c
    float MIN_VEL -> b
    float MAX_VEL -> a
    cn.ikaze.healthgo.step.StepListener stepListener -> g
    float trough -> n
    int lastStatus -> p
    float crest -> m
    float getVEL_THRESHOLD() -> a
    void initStepDetector() -> b
    void initThreshold() -> c
    void realSteps(long) -> d
    void setModel(int) -> e
    void updateModel(boolean) -> f
    void updateStep(float,float,float) -> g
    void updateVEL_THRESHOLD(float) -> h
cn.ikaze.healthgo.step.StepListener -> cn.ikaze.healthgo.step.b:
    void step(long) -> a
cn.ikaze.healthgo.step.StepService -> cn.ikaze.healthgo.step.StepService:
    android.os.PowerManager$WakeLock mWakeLock -> b
    cn.ikaze.healthgo.step.StepThread thread -> a
    android.os.PowerManager$WakeLock mWakeLock(android.content.Context) -> a
    void myStartForeground() -> b
cn.ikaze.healthgo.step.StepThread -> cn.ikaze.healthgo.step.c:
    cn.ikaze.healthgo.step.StepDetector stepDetector -> c
    android.hardware.SensorManager sensorManager -> a
    android.hardware.Sensor accel -> b
    long lastStpes -> e
    android.content.Context context -> i
    long numStpes -> d
    boolean isRegiter -> g
    io.realm.RealmAsyncTask realmAsyncTask -> f
    boolean isActivity -> h
    java.util.Date today -> j
    void step(long) -> a
    void initStepDetector() -> b
    void mystop() -> c
    void save(java.util.Date,long) -> d
    void setActivity(boolean) -> e
...
android.support.v4.view.AccessibilityDelegateCompat -> android.support.v4.view.a:
    android.support.v4.view.AccessibilityDelegateCompat$AccessibilityDelegateBaseImpl IMPL -> b
    android.view.View$AccessibilityDelegate mBridge -> a
    android.view.View$AccessibilityDelegate DEFAULT_DELEGATE -> c
    boolean dispatchPopulateAccessibilityEvent(android.view.View,android.view.accessibility.AccessibilityEvent) -> a
    android.support.v4.view.accessibility.AccessibilityNodeProviderCompat getAccessibilityNodeProvider(android.view.View) -> b
    android.view.View$AccessibilityDelegate getBridge() -> c
    void onInitializeAccessibilityEvent(android.view.View,android.view.accessibility.AccessibilityEvent) -> d
    void onInitializeAccessibilityNodeInfo(android.view.View,android.support.v4.view.accessibility.AccessibilityNodeInfoCompat) -> e
    void onPopulateAccessibilityEvent(android.view.View,android.view.accessibility.AccessibilityEvent) -> f
    boolean onRequestSendAccessibilityEvent(android.view.ViewGroup,android.view.View,android.view.accessibility.AccessibilityEvent) -> g
    boolean performAccessibilityAction(android.view.View,int,android.os.Bundle) -> h
    void sendAccessibilityEvent(android.view.View,int) -> i
    void sendAccessibilityEventUnchecked(android.view.View,android.view.accessibility.AccessibilityEvent) -> j
android.support.v4.view.AccessibilityDelegateCompat$AccessibilityDelegateApi16Impl -> android.support.v4.view.a$a:
    android.support.v4.view.accessibility.AccessibilityNodeProviderCompat getAccessibilityNodeProvider(android.view.View$AccessibilityDelegate,android.view.View) -> a
    android.view.View$AccessibilityDelegate newAccessibilityDelegateBridge(android.support.v4.view.AccessibilityDelegateCompat) -> b
    boolean performAccessibilityAction(android.view.View$AccessibilityDelegate,android.view.View,int,android.os.Bundle) -> c
android.support.v4.view.AccessibilityDelegateCompat$AccessibilityDelegateApi16Impl$1 -> android.support.v4.view.a$a$a:
    android.support.v4.view.AccessibilityDelegateCompat val$compat -> a
android.support.v4.view.AccessibilityDelegateCompat$AccessibilityDelegateBaseImpl -> android.support.v4.view.a$b:
    android.support.v4.view.accessibility.AccessibilityNodeProviderCompat getAccessibilityNodeProvider(android.view.View$AccessibilityDelegate,android.view.View) -> a
    android.view.View$AccessibilityDelegate newAccessibilityDelegateBridge(android.support.v4.view.AccessibilityDelegateCompat) -> b
    boolean performAccessibilityAction(android.view.View$AccessibilityDelegate,android.view.View,int,android.os.Bundle) -> c
android.support.v4.view.AccessibilityDelegateCompat$AccessibilityDelegateBaseImpl$1 -> android.support.v4.view.a$b$a:
    android.support.v4.view.AccessibilityDelegateCompat val$compat -> a
android.support.v4.view.ActionProvider -> android.support.v4.view.b:
    android.support.v4.view.ActionProvider$SubUiVisibilityListener mSubUiVisibilityListener -> a
    android.support.v4.view.ActionProvider$VisibilityListener mVisibilityListener -> b
    boolean hasSubMenu() -> a
    boolean isVisible() -> b
    android.view.View onCreateActionView() -> c
    android.view.View onCreateActionView(android.view.MenuItem) -> d
    boolean onPerformDefaultAction() -> e
    void onPrepareSubMenu(android.view.SubMenu) -> f
    boolean overridesItemVisibility() -> g
    void reset() -> h
    void setSubUiVisibilityListener(android.support.v4.view.ActionProvider$SubUiVisibilityListener) -> i
    void setVisibilityListener(android.support.v4.view.ActionProvider$VisibilityListener) -> j
    void subUiVisibilityChanged(boolean) -> k
android.support.v4.view.ActionProvider$SubUiVisibilityListener -> android.support.v4.view.b$a:
    void onSubUiVisibilityChanged(boolean) -> d
android.support.v4.view.ActionProvider$VisibilityListener -> android.support.v4.view.b$b: