app/unused.txt
cn.ikaze.healthgo.MainActivity$2
cn.ikaze.healthgo.R
cn.ikaze.healthgo.R$animator
cn.ikaze.healthgo.R$id
cn.ikaze.healthgo.R$mipmap
cn.ikaze.healthgo.BuildConfig
cn.ikaze.healthgo.R$styleable
cn.ikaze.healthgo.R$style
cn.ikaze.healthgo.R$bool
cn.ikaze.healthgo.R$drawable
cn.ikaze.healthgo.R$menu
cn.ikaze.healthgo.step.StepDetector:
    public void <init>()
    public int getModel()
cn.ikaze.healthgo.R$string
cn.ikaze.healthgo.R$dimen
cn.ikaze.healthgo.R$layout
cn.ikaze.healthgo.DateTimeHelper:
    public void <init>()
cn.ikaze.healthgo.R$integer
cn.ikaze.healthgo.model.StepModel:
    public java.util.Date getDate()
    public java.util.Date realmGet$date()
cn.ikaze.healthgo.R$color
cn.ikaze.healthgo.R$anim
cn.ikaze.healthgo.R$attr
cn.ikaze.healthgo.step.StepThread:
    public boolean isActivity()
cn.ikaze.healthgo.MainActivity:
    public int getStatusBarHeight()
    public void sdWrite()
cn.ikaze.healthgo.step.StepThread$1:
    final synthetic cn.ikaze.healthgo.step.StepThread this$0
cn.ikaze.healthgo.step.StepDetector:
    private final int DELAY
    private final int MAX_DELAY
    private final float GRAVITY
    private final long WAIT_STEPS
    private final int WAIT_MODEL
    private final int ACTIVITY_MODEL
    private final int RUN_MODEL
    private boolean isActivity
    private final int up
    private final int down
    private final int init
cn.ikaze.healthgo.model.StepModel:
    private java.util.Date date
cn.ikaze.healthgo.MainActivity:
    private android.view.View mLayout
...
io.realm.rx.RealmObservableFactory$6$1
android.support.v4.text.util.LinkifyCompat$LinkSpec
android.support.v7.widget.AppCompatDrawableManager:
    private void removeDelegate(java.lang.String,android.support.v7.widget.AppCompatDrawableManager$InflateDelegate)
    private static final java.lang.String TAG
    private static final boolean DEBUG
    private static final java.lang.String SKIP_DRAWABLE_TAG
    private static final java.lang.String PLATFORM_VD_CLAZZ
android.support.v4.hardware.fingerprint.FingerprintManagerCompat$AuthenticationResult
android.support.transition.ViewGroupOverlayApi18:
    public void clear()
android.support.v7.app.AppCompatDelegateImplBase$ActionBarDrawableToggleImpl
android.support.graphics.drawable.AnimatorInflaterCompat$PathDataEvaluator:
    void <init>(android.support.v4.graphics.PathParser$PathDataNode[])
lecho.lib.hellocharts.formatter.SimpleBubbleChartValueFormatter:
    public void <init>(int)
    public int getDecimalDigitsNumber()
    public lecho.lib.hellocharts.formatter.SimpleBubbleChartValueFormatter setDecimalDigitsNumber(int)
    public char[] getAppendedText()
    public lecho.lib.hellocharts.formatter.SimpleBubbleChartValueFormatter setAppendedText(char[])
    public char[] getPrependedText()
    public lecho.lib.hellocharts.formatter.SimpleBubbleChartValueFormatter setPrependedText(char[])
    public char getDecimalSeparator()
    public lecho.lib.hellocharts.formatter.SimpleBubbleChartValueFormatter setDecimalSeparator(char)
android.support.v4.view.VelocityTrackerCompat
android.support.v4.view.accessibility.AccessibilityNodeProviderCompatKitKat$1
lecho.lib.hellocharts.animation.ChartViewportAnimatorV14:
    public boolean isAnimationStarted()
android.support.v7.widget.AppCompatSeekBarHelper:
    android.graphics.drawable.Drawable getTickMark()
    void setTickMarkTintList(android.content.res.ColorStateList)
    android.content.res.ColorStateList getTickMarkTintList()
    void setTickMarkTintMode(android.graphics.PorterDuff$Mode)
    android.graphics.PorterDuff$Mode getTickMarkTintMode()
android.support.v7.widget.MenuPopupWindow:
    private static final java.lang.String TAG
io.realm.rx.RealmObservableFactory$5
android.support.v4.media.session.MediaSessionCompat$MediaSessionImplBase$Command
android.support.transition.Styleable$Slide
android.support.v4.graphics.drawable.IconCompat
android.support.v7.widget.RecyclerView$State:
    static synthetic int access$1302(android.support.v7.widget.RecyclerView$State,int)
    android.support.v7.widget.RecyclerView$State reset()
    public boolean isMeasuring()
    public boolean willRunSimpleAnimations()
    public void remove(int)
    public java.lang.Object get(int)
    public void put(int,java.lang.Object)
    public boolean didStructureChange()
    public int getRemainingScrollHorizontal()
    public int getRemainingScrollVertical()
    static final int STEP_START
    static final int STEP_LAYOUT
    static final int STEP_ANIMATIONS
lecho.lib.hellocharts.renderer.BubbleChartRenderer:
    public void removeMargins()
    private static final int DEFAULT_TOUCH_ADDITIONAL_DP
    private static final int MODE_DRAW
    private static final int MODE_HIGHLIGHT
android.support.v7.widget.helper.ItemTouchUIUtil
javax.annotation.MatchesPattern$Checker
android.support.v4.util.SimpleArrayMap:
    private static final boolean DEBUG
    private static final java.lang.String TAG
    private static final boolean CONCURRENT_MODIFICATION_EXCEPTIONS
    private static final int BASE_SIZE
    private static final int CACHE_SIZE